<?xml version="1.0" encoding="UTF-8"?>
<testng-results ignored="0" total="2" passed="2" failed="0" skipped="0">
  <reporter-output>
  </reporter-output>
  <suite started-at="2022-01-20T13:59:04 IST" name="Default suite" finished-at="2022-01-20T14:00:06 IST" duration-ms="61725">
    <groups>
    </groups>
    <test started-at="2022-01-20T13:59:04 IST" name="Default test" finished-at="2022-01-20T14:00:06 IST" duration-ms="61725">
      <class name="TestCase.LoginTestcase">
        <test-method signature="urlWindow()[pri:1, instance:TestCase.LoginTestcase@659a969b]" started-at="2022-01-20T13:59:04 IST" name="urlWindow" finished-at="2022-01-20T13:59:48 IST" duration-ms="43759" status="PASS">
          <reporter-output>
          </reporter-output>
        </test-method> <!-- urlWindow -->
        <test-method signature="loginWindow()[pri:2, instance:TestCase.LoginTestcase@659a969b]" started-at="2022-01-20T13:59:48 IST" name="loginWindow" finished-at="2022-01-20T14:00:06 IST" duration-ms="17843" status="PASS">
          <reporter-output>
          </reporter-output>
        </test-method> <!-- loginWindow -->
      </class> <!-- TestCase.LoginTestcase -->
    </test> <!-- Default test -->
  </suite> <!-- Default suite -->
</testng-results>
